<?xml version="1.0" encoding="UTF-8"?>
<coverage generated="1749739149319" clover="3.2.0">
  <project timestamp="1749739149319" name="All files">
    <metrics statements="20" coveredstatements="17" conditionals="7" coveredconditionals="6" methods="8" coveredmethods="8" elements="35" coveredelements="31" complexity="0" loc="20" ncloc="20" packages="2" files="2" classes="2"/>
    <package name="components">
      <metrics statements="3" coveredstatements="3" conditionals="0" coveredconditionals="0" methods="2" coveredmethods="2"/>
      <file name="Affichearticlestable.jsx" path="C:\Users\Admin\Documents\3eme\ecommerce\frontend\src\components\Affichearticlestable.jsx">
        <metrics statements="3" coveredstatements="3" conditionals="0" coveredconditionals="0" methods="2" coveredmethods="2"/>
        <line num="3" count="1" type="stmt"/>
        <line num="4" count="1" type="stmt"/>
        <line num="19" count="2" type="stmt"/>
      </file>
    </package>
    <package name="components.categories">
      <metrics statements="17" coveredstatements="14" conditionals="7" coveredconditionals="6" methods="6" coveredmethods="6"/>
      <file name="Listcategories.jsx" path="C:\Users\Admin\Documents\3eme\ecommerce\frontend\src\components\categories\Listcategories.jsx">
        <metrics statements="17" coveredstatements="14" conditionals="7" coveredconditionals="6" methods="6" coveredmethods="6"/>
        <line num="4" count="1" type="stmt"/>
        <line num="5" count="5" type="stmt"/>
        <line num="7" count="5" type="stmt"/>
        <line num="9" count="2" type="stmt"/>
        <line num="11" count="2" type="cond" truecount="4" falsecount="1"/>
        <line num="12" count="2" type="stmt"/>
        <line num="15" count="0" type="stmt"/>
        <line num="53" count="0" type="stmt"/>
        <line num="54" count="0" type="stmt"/>
        <line num="58" count="5" type="stmt"/>
        <line num="59" count="2" type="cond" truecount="2" falsecount="0"/>
        <line num="60" count="1" type="stmt"/>
        <line num="61" count="1" type="stmt"/>
        <line num="62" count="1" type="stmt"/>
        <line num="66" count="5" type="stmt"/>
        <line num="85" count="2" type="stmt"/>
        <line num="105" count="2" type="stmt"/>
      </file>
    </package>
  </project>
</coverage>
