{"C:\\Users\\Admin\\Documents\\3eme\\ecommerce\\frontend\\src\\components\\Affichearticlestable.jsx": {"path":"C:\\Users\\Admin\\Documents\\3eme\\ecommerce\\frontend\\src\\components\\Affichearticlestable.jsx","statementMap":{"0":{"start":{"line":3,"column":29},"end":{"line":31,"column":1}},"1":{"start":{"line":4,"column":2},"end":{"line":30,"column":4}},"2":{"start":{"line":19,"column":12},"end":{"line":25,"column":17}}},"fnMap":{"0":{"name":"(anonymous_0)","decl":{"start":{"line":3,"column":29},"end":{"line":3,"column":30}},"loc":{"start":{"line":3,"column":47},"end":{"line":31,"column":1}},"line":3},"1":{"name":"(anonymous_1)","decl":{"start":{"line":18,"column":24},"end":{"line":18,"column":25}},"loc":{"start":{"line":19,"column":12},"end":{"line":25,"column":17}},"line":19}},"branchMap":{},"s":{"0":1,"1":1,"2":2},"f":{"0":1,"1":2},"b":{},"_coverageSchema":"1a1c01bbd47fc00a2c39e90264f33305004495a9","hash":"e2ff6786bd0306d970b17fe66182efd1ef0f94dc"}
,"C:\\Users\\Admin\\Documents\\3eme\\ecommerce\\frontend\\src\\components\\categories\\Listcategories.jsx": {"path":"C:\\Users\\Admin\\Documents\\3eme\\ecommerce\\frontend\\src\\components\\categories\\Listcategories.jsx","statementMap":{"0":{"start":{"line":4,"column":23},"end":{"line":116,"column":1}},"1":{"start":{"line":5,"column":38},"end":{"line":5,"column":50}},"2":{"start":{"line":7,"column":2},"end":{"line":56,"column":9}},"3":{"start":{"line":9,"column":18},"end":{"line":9,"column":64}},"4":{"start":{"line":11,"column":4},"end":{"line":55,"column":5}},"5":{"start":{"line":12,"column":6},"end":{"line":12,"column":27}},"6":{"start":{"line":15,"column":23},"end":{"line":51,"column":7}},"7":{"start":{"line":53,"column":6},"end":{"line":53,"column":30}},"8":{"start":{"line":54,"column":6},"end":{"line":54,"column":67}},"9":{"start":{"line":58,"column":23},"end":{"line":64,"column":3}},"10":{"start":{"line":59,"column":4},"end":{"line":63,"column":5}},"11":{"start":{"line":60,"column":23},"end":{"line":60,"column":63}},"12":{"start":{"line":60,"column":48},"end":{"line":60,"column":62}},"13":{"start":{"line":61,"column":6},"end":{"line":61,"column":30}},"14":{"start":{"line":62,"column":6},"end":{"line":62,"column":67}},"15":{"start":{"line":66,"column":2},"end":{"line":115,"column":4}},"16":{"start":{"line":85,"column":12},"end":{"line":110,"column":17}},"17":{"start":{"line":105,"column":33},"end":{"line":105,"column":54}}},"fnMap":{"0":{"name":"(anonymous_0)","decl":{"start":{"line":4,"column":23},"end":{"line":4,"column":24}},"loc":{"start":{"line":4,"column":29},"end":{"line":116,"column":1}},"line":4},"1":{"name":"(anonymous_1)","decl":{"start":{"line":7,"column":12},"end":{"line":7,"column":13}},"loc":{"start":{"line":7,"column":18},"end":{"line":56,"column":3}},"line":7},"2":{"name":"(anonymous_2)","decl":{"start":{"line":58,"column":23},"end":{"line":58,"column":24}},"loc":{"start":{"line":58,"column":31},"end":{"line":64,"column":3}},"line":58},"3":{"name":"(anonymous_3)","decl":{"start":{"line":60,"column":41},"end":{"line":60,"column":42}},"loc":{"start":{"line":60,"column":48},"end":{"line":60,"column":62}},"line":60},"4":{"name":"(anonymous_4)","decl":{"start":{"line":84,"column":26},"end":{"line":84,"column":27}},"loc":{"start":{"line":85,"column":12},"end":{"line":110,"column":17}},"line":85},"5":{"name":"(anonymous_5)","decl":{"start":{"line":105,"column":27},"end":{"line":105,"column":28}},"loc":{"start":{"line":105,"column":33},"end":{"line":105,"column":54}},"line":105}},"branchMap":{"0":{"loc":{"start":{"line":11,"column":4},"end":{"line":55,"column":5}},"type":"if","locations":[{"start":{"line":11,"column":4},"end":{"line":55,"column":5}},{"start":{"line":13,"column":11},"end":{"line":55,"column":5}}],"line":11},"1":{"loc":{"start":{"line":11,"column":8},"end":{"line":11,"column":57}},"type":"binary-expr","locations":[{"start":{"line":11,"column":8},"end":{"line":11,"column":13}},{"start":{"line":11,"column":17},"end":{"line":11,"column":37}},{"start":{"line":11,"column":41},"end":{"line":11,"column":57}}],"line":11},"2":{"loc":{"start":{"line":59,"column":4},"end":{"line":63,"column":5}},"type":"if","locations":[{"start":{"line":59,"column":4},"end":{"line":63,"column":5}},{"start":{},"end":{}}],"line":59}},"s":{"0":1,"1":5,"2":5,"3":2,"4":2,"5":2,"6":0,"7":0,"8":0,"9":5,"10":2,"11":1,"12":1,"13":1,"14":1,"15":5,"16":2,"17":2},"f":{"0":5,"1":2,"2":2,"3":1,"4":2,"5":2},"b":{"0":[2,0],"1":[2,2,2],"2":[1,1]},"_coverageSchema":"1a1c01bbd47fc00a2c39e90264f33305004495a9","hash":"e1f1a8d395ea1f5e759c2a84d39991c77a520fe4"}
}
