{"C:\\Users\\Admin\\Documents\\3eme\\ecommerce\\frontend\\src\\components\\Affichearticlestable.jsx": {"path":"C:\\Users\\Admin\\Documents\\3eme\\ecommerce\\frontend\\src\\components\\Affichearticlestable.jsx","statementMap":{"0":{"start":{"line":3,"column":29},"end":{"line":31,"column":1}},"1":{"start":{"line":4,"column":2},"end":{"line":30,"column":4}},"2":{"start":{"line":19,"column":12},"end":{"line":25,"column":17}}},"fnMap":{"0":{"name":"(anonymous_0)","decl":{"start":{"line":3,"column":29},"end":{"line":3,"column":30}},"loc":{"start":{"line":3,"column":47},"end":{"line":31,"column":1}},"line":3},"1":{"name":"(anonymous_1)","decl":{"start":{"line":18,"column":24},"end":{"line":18,"column":25}},"loc":{"start":{"line":19,"column":12},"end":{"line":25,"column":17}},"line":19}},"branchMap":{},"s":{"0":1,"1":1,"2":2},"f":{"0":1,"1":2},"b":{},"_coverageSchema":"1a1c01bbd47fc00a2c39e90264f33305004495a9","hash":"e2ff6786bd0306d970b17fe66182efd1ef0f94dc"}
}
