TN:
SF:src\components\Affichearticlestable.jsx
FN:3,(anonymous_0)
FN:18,(anonymous_1)
FNF:2
FNH:2
FNDA:1,(anonymous_0)
FNDA:2,(anonymous_1)
DA:3,1
DA:4,1
DA:19,2
LF:3
LH:3
BRF:0
BRH:0
end_of_record
TN:
SF:src\components\categories\Listcategories.jsx
FN:4,(anonymous_0)
FN:7,(anonymous_1)
FN:58,(anonymous_2)
FN:60,(anonymous_3)
FN:84,(anonymous_4)
FN:105,(anonymous_5)
FNF:6
FNH:6
FNDA:5,(anonymous_0)
FNDA:2,(anonymous_1)
FNDA:2,(anonymous_2)
FNDA:1,(anonymous_3)
FNDA:2,(anonymous_4)
FNDA:2,(anonymous_5)
DA:4,1
DA:5,5
DA:7,5
DA:9,2
DA:11,2
DA:12,2
DA:15,0
DA:53,0
DA:54,0
DA:58,5
DA:59,2
DA:60,1
DA:61,1
DA:62,1
DA:66,5
DA:85,2
DA:105,2
LF:17
LH:14
BRDA:11,0,0,2
BRDA:11,0,1,0
BRDA:11,1,0,2
BRDA:11,1,1,2
BRDA:11,1,2,2
BRDA:59,2,0,1
BRDA:59,2,1,1
BRF:7
BRH:6
end_of_record
